#! /usr/bin/vvp
:ivl_version "12.0 (stable)";
:ivl_delay_selection "TYPICAL";
:vpi_time_precision + 0;
:vpi_module "/usr/lib/x86_64-linux-gnu/ivl/system.vpi";
:vpi_module "/usr/lib/x86_64-linux-gnu/ivl/vhdl_sys.vpi";
:vpi_module "/usr/lib/x86_64-linux-gnu/ivl/vhdl_textio.vpi";
:vpi_module "/usr/lib/x86_64-linux-gnu/ivl/v2005_math.vpi";
:vpi_module "/usr/lib/x86_64-linux-gnu/ivl/va_math.vpi";
:vpi_module "/usr/lib/x86_64-linux-gnu/ivl/v2009.vpi";
S_0x64dc16f05540 .scope package, "$unit" "$unit" 2 1;
 .timescale 0 0;
S_0x64dc16f056f0 .scope module, "Main" "Main" 3 2;
 .timescale 0 0;
v0x64dc16f2f910_0 .var/i "N", 31 0;
v0x64dc16f563d0_0 .var/i "c", 31 0;
v0x64dc16f564b0_0 .var/i "i", 31 0;
v0x64dc16f56570_0 .var/i "j", 31 0;
v0x64dc16f56650 .array/i "num", 0 199, 31 0;
    .scope S_0x64dc16f056f0;
T_0 ;
    %vpi_call/w 3 7 "$fscanf", 32'b10000000000000000000000000000000, "%d", v0x64dc16f2f910_0 {0 0 0};
    %pushi/vec4 0, 0, 32;
    %store/vec4 v0x64dc16f564b0_0, 0, 32;
T_0.0 ;
    %load/vec4 v0x64dc16f564b0_0;
    %load/vec4 v0x64dc16f2f910_0;
    %muli 2, 0, 32;
    %cmp/s;
    %jmp/0xz T_0.1, 5;
    %pushi/vec4 0, 0, 32;
    %ix/getv/s 4, v0x64dc16f564b0_0;
    %store/vec4a v0x64dc16f56650, 4, 0;
    %load/vec4 v0x64dc16f564b0_0;
    %addi 1, 0, 32;
    %store/vec4 v0x64dc16f564b0_0, 0, 32;
    %jmp T_0.0;
T_0.1 ;
    %vpi_call/w 3 11 "$fgetc", 32'b10000000000000000000000000000000 {0 0 0};
    %pushi/vec4 0, 0, 32;
    %store/vec4 v0x64dc16f564b0_0, 0, 32;
T_0.2 ;
    %load/vec4 v0x64dc16f564b0_0;
    %load/vec4 v0x64dc16f2f910_0;
    %cmp/s;
    %jmp/0xz T_0.3, 5;
    %pushi/vec4 0, 0, 32;
    %store/vec4 v0x64dc16f56570_0, 0, 32;
T_0.4 ;
    %load/vec4 v0x64dc16f56570_0;
    %load/vec4 v0x64dc16f2f910_0;
    %cmp/s;
    %jmp/0xz T_0.5, 5;
    %vpi_func 3 14 "$fgetc" 32, 32'b10000000000000000000000000000000 {0 0 0};
    %store/vec4 v0x64dc16f563d0_0, 0, 32;
    %load/vec4 v0x64dc16f563d0_0;
    %cmpi/ne 63, 0, 32;
    %jmp/0xz  T_0.6, 4;
    %load/vec4 v0x64dc16f564b0_0;
    %load/vec4 v0x64dc16f56570_0;
    %add;
    %ix/vec4/s 4;
    %load/vec4a v0x64dc16f56650, 4;
    %cmpi/e 0, 0, 32;
    %jmp/0xz  T_0.8, 4;
    %load/vec4 v0x64dc16f563d0_0;
    %load/vec4 v0x64dc16f564b0_0;
    %load/vec4 v0x64dc16f56570_0;
    %add;
    %ix/vec4/s 4;
    %store/vec4a v0x64dc16f56650, 4, 0;
T_0.8 ;
    %load/vec4 v0x64dc16f564b0_0;
    %load/vec4 v0x64dc16f56570_0;
    %add;
    %ix/vec4/s 4;
    %load/vec4a v0x64dc16f56650, 4;
    %load/vec4 v0x64dc16f563d0_0;
    %cmp/ne;
    %jmp/0xz  T_0.10, 4;
    %vpi_call/w 3 19 "$display", "-1" {0 0 0};
    %vpi_call/w 3 20 "$finish", 32'sb00000000000000000000000000000000 {0 0 0};
T_0.10 ;
T_0.6 ;
    %load/vec4 v0x64dc16f56570_0;
    %addi 1, 0, 32;
    %store/vec4 v0x64dc16f56570_0, 0, 32;
    %jmp T_0.4;
T_0.5 ;
    %vpi_call/w 3 24 "$fgetc", 32'b10000000000000000000000000000000 {0 0 0};
    %load/vec4 v0x64dc16f564b0_0;
    %addi 1, 0, 32;
    %store/vec4 v0x64dc16f564b0_0, 0, 32;
    %jmp T_0.2;
T_0.3 ;
    %pushi/vec4 0, 0, 32;
    %store/vec4 v0x64dc16f564b0_0, 0, 32;
T_0.12 ;
    %load/vec4 v0x64dc16f564b0_0;
    %load/vec4 v0x64dc16f2f910_0;
    %cmp/s;
    %jmp/0xz T_0.13, 5;
    %pushi/vec4 0, 0, 32;
    %store/vec4 v0x64dc16f56570_0, 0, 32;
T_0.14 ;
    %load/vec4 v0x64dc16f56570_0;
    %load/vec4 v0x64dc16f2f910_0;
    %cmp/s;
    %jmp/0xz T_0.15, 5;
    %load/vec4 v0x64dc16f564b0_0;
    %load/vec4 v0x64dc16f56570_0;
    %add;
    %ix/vec4/s 4;
    %load/vec4a v0x64dc16f56650, 4;
    %cmpi/e 0, 0, 32;
    %jmp/0xz  T_0.16, 4;
    %pushi/vec4 48, 0, 32;
    %load/vec4 v0x64dc16f564b0_0;
    %load/vec4 v0x64dc16f56570_0;
    %add;
    %ix/vec4/s 4;
    %store/vec4a v0x64dc16f56650, 4, 0;
T_0.16 ;
    %load/vec4 v0x64dc16f564b0_0;
    %load/vec4 v0x64dc16f56570_0;
    %add;
    %ix/vec4/s 4;
    %load/vec4a v0x64dc16f56650, 4;
    %vpi_call/w 3 29 "$write", "%c", S<0,vec4,s32> {1 0 0};
    %load/vec4 v0x64dc16f56570_0;
    %addi 1, 0, 32;
    %store/vec4 v0x64dc16f56570_0, 0, 32;
    %jmp T_0.14;
T_0.15 ;
    %vpi_call/w 3 31 "$write", "\012" {0 0 0};
    %load/vec4 v0x64dc16f564b0_0;
    %addi 1, 0, 32;
    %store/vec4 v0x64dc16f564b0_0, 0, 32;
    %jmp T_0.12;
T_0.13 ;
    %vpi_call/w 3 33 "$finish", 32'sb00000000000000000000000000000000 {0 0 0};
    %end;
    .thread T_0;
# The file index is used to find the file name in the following table.
:file_names 4;
    "N/A";
    "<interactive>";
    "-";
    "a.v";
