#! /usr/bin/vvp
:ivl_version "12.0 (stable)";
:ivl_delay_selection "TYPICAL";
:vpi_time_precision + 0;
:vpi_module "/usr/lib/x86_64-linux-gnu/ivl/system.vpi";
:vpi_module "/usr/lib/x86_64-linux-gnu/ivl/vhdl_sys.vpi";
:vpi_module "/usr/lib/x86_64-linux-gnu/ivl/vhdl_textio.vpi";
:vpi_module "/usr/lib/x86_64-linux-gnu/ivl/v2005_math.vpi";
:vpi_module "/usr/lib/x86_64-linux-gnu/ivl/va_math.vpi";
:vpi_module "/usr/lib/x86_64-linux-gnu/ivl/v2009.vpi";
S_0x5b68538c9490 .scope package, "$unit" "$unit" 2 1;
 .timescale 0 0;
S_0x5b68538c9640 .scope module, "Main" "Main" 3 2;
 .timescale 0 0;
v0x5b68538c97d0 .array/i "a", 0 50, 31 0;
v0x5b68538f1ec0_0 .var/i "ans", 31 0;
v0x5b6853916cb0_0 .var/i "i", 31 0;
v0x5b6853916d70_0 .var/i "l", 31 0;
v0x5b6853916e50_0 .var/i "n", 31 0;
v0x5b6853916f30_0 .var "ok", 0 0;
v0x5b6853916ff0_0 .var/i "r", 31 0;
v0x5b68539170d0_0 .var/i "sum", 31 0;
    .scope S_0x5b68538c9640;
T_0 ;
    %vpi_call/w 3 8 "$fscanf", 32'b10000000000000000000000000000000, "%d", v0x5b6853916e50_0 {0 0 0};
    %pushi/vec4 0, 0, 32;
    %store/vec4 v0x5b6853916cb0_0, 0, 32;
T_0.0 ;
    %load/vec4 v0x5b6853916cb0_0;
    %load/vec4 v0x5b6853916e50_0;
    %cmp/s;
    %jmp/0xz T_0.1, 5;
    %vpi_call/w 3 10 "$fscanf", 32'b10000000000000000000000000000000, "%d", &A<v0x5b68538c97d0, v0x5b6853916cb0_0 > {0 0 0};
    %load/vec4 v0x5b6853916cb0_0;
    %addi 1, 0, 32;
    %store/vec4 v0x5b6853916cb0_0, 0, 32;
    %jmp T_0.0;
T_0.1 ;
    %pushi/vec4 0, 0, 32;
    %store/vec4 v0x5b68538f1ec0_0, 0, 32;
    %pushi/vec4 0, 0, 32;
    %store/vec4 v0x5b6853916d70_0, 0, 32;
T_0.2 ;
    %load/vec4 v0x5b6853916d70_0;
    %load/vec4 v0x5b6853916e50_0;
    %cmp/s;
    %jmp/0xz T_0.3, 5;
    %pushi/vec4 0, 0, 32;
    %store/vec4 v0x5b68539170d0_0, 0, 32;
    %load/vec4 v0x5b6853916d70_0;
    %store/vec4 v0x5b6853916ff0_0, 0, 32;
T_0.4 ;
    %load/vec4 v0x5b6853916ff0_0;
    %load/vec4 v0x5b6853916e50_0;
    %cmp/s;
    %jmp/0xz T_0.5, 5;
    %load/vec4 v0x5b68539170d0_0;
    %ix/getv/s 4, v0x5b6853916ff0_0;
    %load/vec4a v0x5b68538c97d0, 4;
    %add;
    %store/vec4 v0x5b68539170d0_0, 0, 32;
    %pushi/vec4 1, 0, 1;
    %store/vec4 v0x5b6853916f30_0, 0, 1;
    %load/vec4 v0x5b6853916d70_0;
    %store/vec4 v0x5b6853916cb0_0, 0, 32;
T_0.6 ;
    %load/vec4 v0x5b6853916cb0_0;
    %load/vec4 v0x5b6853916ff0_0;
    %cmp/s;
    %flag_or 5, 4;
    %jmp/0xz T_0.7, 5;
    %load/vec4 v0x5b68539170d0_0;
    %ix/getv/s 4, v0x5b6853916cb0_0;
    %load/vec4a v0x5b68538c97d0, 4;
    %mod/s;
    %cmpi/e 0, 0, 32;
    %jmp/0xz  T_0.8, 4;
    %pushi/vec4 0, 0, 1;
    %store/vec4 v0x5b6853916f30_0, 0, 1;
T_0.8 ;
    %load/vec4 v0x5b6853916cb0_0;
    %addi 1, 0, 32;
    %store/vec4 v0x5b6853916cb0_0, 0, 32;
    %jmp T_0.6;
T_0.7 ;
    %load/vec4 v0x5b68538f1ec0_0;
    %load/vec4 v0x5b6853916f30_0;
    %pad/u 32;
    %add;
    %store/vec4 v0x5b68538f1ec0_0, 0, 32;
    %load/vec4 v0x5b6853916ff0_0;
    %addi 1, 0, 32;
    %store/vec4 v0x5b6853916ff0_0, 0, 32;
    %jmp T_0.4;
T_0.5 ;
    %load/vec4 v0x5b6853916d70_0;
    %addi 1, 0, 32;
    %store/vec4 v0x5b6853916d70_0, 0, 32;
    %jmp T_0.2;
T_0.3 ;
    %vpi_call/w 3 22 "$display", "%0d", v0x5b68538f1ec0_0 {0 0 0};
    %end;
    .thread T_0;
# The file index is used to find the file name in the following table.
:file_names 4;
    "N/A";
    "<interactive>";
    "-";
    "b.v";
